-------------------------------------------------------------------------------
Test set: com.teejo.proofreading.applicationserver.ApplicationServerApplicationTests
-------------------------------------------------------------------------------
Tests run: 1, Failures: 0, Errors: 1, Skipped: 0, Time elapsed: 0.485 s <<< FAILURE! - in com.teejo.proofreading.applicationserver.ApplicationServerApplicationTests
initializationError(com.teejo.proofreading.applicationserver.ApplicationServerApplicationTests)  Time elapsed: 0.001 s  <<< ERROR!
java.lang.IllegalStateException: Unable to find a @SpringBootConfiguration, you need to use @ContextConfiguration or @SpringBootTest(classes=...) with your test

