<?xml version="1.0" encoding="UTF-8"?>
<testsuite xmlns:xsi="http://www.w3.org/2001/XMLSchema-instance" xsi:noNamespaceSchemaLocation="https://maven.apache.org/surefire/maven-surefire-plugin/xsd/surefire-test-report.xsd" name="com.teejo.proofreading.applicationserver.ApplicationServerApplicationTests" time="0.485" tests="1" errors="1" skipped="0" failures="0">
  <properties>
[...]
</properties>
  <testcase name="initializationError" classname="com.teejo.proofreading.applicationserver.ApplicationServerApplicationTests" time="0.001">
    <error message="Unable to find a @SpringBootConfiguration, you need to use @ContextConfiguration or @SpringBootTest(classes=...) with your test" type="java.lang.IllegalStateException">java.lang.IllegalStateException: Unable to find a @SpringBootConfiguration, you need to use @ContextConfiguration or @SpringBootTest(classes=...) with your test
</error>
    <system-out><![CDATA[15:03:49.576 [main] DEBUG org.springframework.test.context.junit4.SpringJUnit4ClassRunner - SpringJUnit4ClassRunner constructor called with [class com.teejo.proofreading.applicationserver.ApplicationServerApplicationTests]
15:03:49.583 [main] DEBUG org.springframework.test.context.BootstrapUtils - Instantiating CacheAwareContextLoaderDelegate from class [org.springframework.test.context.cache.DefaultCacheAwareContextLoaderDelegate]
15:03:49.597 [main] DEBUG org.springframework.test.context.BootstrapUtils - Instantiating BootstrapContext using constructor [public org.springframework.test.context.support.DefaultBootstrapContext(java.lang.Class,org.springframework.test.context.CacheAwareContextLoaderDelegate)]
15:03:49.613 [main] DEBUG org.springframework.test.context.BootstrapUtils - Instantiating TestContextBootstrapper for test class [com.teejo.proofreading.applicationserver.ApplicationServerApplicationTests] from class [org.springframework.boot.test.context.SpringBootTestContextBootstrapper]
15:03:49.625 [main] INFO org.springframework.boot.test.context.SpringBootTestContextBootstrapper - Neither @ContextConfiguration nor @ContextHierarchy found for test class [com.teejo.proofreading.applicationserver.ApplicationServerApplicationTests], using SpringBootContextLoader
15:03:49.628 [main] DEBUG org.springframework.test.context.support.AbstractContextLoader - Did not detect default resource location for test class [com.teejo.proofreading.applicationserver.ApplicationServerApplicationTests]: class path resource [com/teejo/proofreading/applicationserver/ApplicationServerApplicationTests-context.xml] does not exist
15:03:49.629 [main] DEBUG org.springframework.test.context.support.AbstractContextLoader - Did not detect default resource location for test class [com.teejo.proofreading.applicationserver.ApplicationServerApplicationTests]: class path resource [com/teejo/proofreading/applicationserver/ApplicationServerApplicationTestsContext.groovy] does not exist
15:03:49.629 [main] INFO org.springframework.test.context.support.AbstractContextLoader - Could not detect default resource locations for test class [com.teejo.proofreading.applicationserver.ApplicationServerApplicationTests]: no resource found for suffixes {-context.xml, Context.groovy}.
15:03:49.630 [main] INFO org.springframework.test.context.support.AnnotationConfigContextLoaderUtils - Could not detect default configuration classes for test class [com.teejo.proofreading.applicationserver.ApplicationServerApplicationTests]: ApplicationServerApplicationTests does not declare any static, non-private, non-final, nested classes annotated with @Configuration.
15:03:49.673 [main] DEBUG org.springframework.test.context.support.ActiveProfilesUtils - Could not find an 'annotation declaring class' for annotation type [org.springframework.test.context.ActiveProfiles] and class [com.teejo.proofreading.applicationserver.ApplicationServerApplicationTests]
15:03:49.679 [main] DEBUG org.springframework.core.env.StandardEnvironment - Adding PropertySource 'systemProperties' with lowest search precedence
15:03:49.679 [main] DEBUG org.springframework.core.env.StandardEnvironment - Adding PropertySource 'systemEnvironment' with lowest search precedence
15:03:49.680 [main] DEBUG org.springframework.core.env.StandardEnvironment - Initialized StandardEnvironment with PropertySources [MapPropertySource@315860201 {name='systemProperties', properties={java.runtime.name=Java(TM) SE Runtime Environment, sun.boot.library.path=C:\Program Files\Java\jdk1.8.0_144\jre\bin, java.vm.version=25.144-b01, java.vm.vendor=Oracle Corporation, java.vendor.url=http://java.oracle.com/, path.separator=;, java.vm.name=Java HotSpot(TM) 64-Bit Server VM, file.encoding.pkg=sun.io, user.country=CN, user.script=, sun.java.launcher=SUN_STANDARD, sun.os.patch.level=Service Pack 1, java.vm.specification.name=Java Virtual Machine Specification, user.dir=F:\workspace-iot\iotplantserver, java.runtime.version=1.8.0_144-b01, basedir=F:\workspace-iot\iotplantserver, java.awt.graphicsenv=sun.awt.Win32GraphicsEnvironment, java.endorsed.dirs=C:\Program Files\Java\jdk1.8.0_144\jre\lib\endorsed, os.arch=amd64, surefire.real.class.path=C:\Users\ADMINI~1\AppData\Local\Temp\surefire2615249711651950928\surefirebooter1763430613463648688.jar, java.io.tmpdir=C:\Users\ADMINI~1\AppData\Local\Temp\, line.separator=
, java.vm.specification.vendor=Oracle Corporation, user.variant=, os.name=Windows 7, sun.jnu.encoding=GBK, java.library.path=C:\Program Files\Java\jdk1.8.0_144\jre\bin;C:\Windows\Sun\Java\bin;C:\Windows\system32;C:\Windows;F:\iot-plant\ideaIU-2019.2.win\jbr\\bin;F:\iot-plant\ideaIU-2019.2.win\jbr\\bin\server;F:\iot-plant\ideaIU-2019.2.win\jbr\\bin;F:\iot-plant\ideaIU-2019.2.win\jbr\\bin\server;F:\iot-plant\ideaIU-2019.2.win\jbr\\bin;F:\iot-plant\ideaIU-2019.2.win\jbr\\bin\server;F:\db\dbhome\bin;C:\ProgramData\Oracle\Java\javapath;C:\Windows\system32;C:\Windows;C:\Windows\System32\Wbem;C:\Windows\System32\WindowsPowerShell\v1.0\;C:\Program Files\Java\jdk1.8.0_144\bin;C:\Program Files (x86)\Java\jre6\bin;C:\Program Files\nodejs\;C:\Program Files (x86)\ATI Technologies\ATI.ACE\Core-Static;C:\Program Files (x86)\AMD\ATI.ACE\Core-Static;D:\soft\apache-maven-3.5.0\bin;;C:\Users\Administrator\AppData\Local\Programs\Microsoft VS Code Insiders\bin;C:\Users\Administrator\AppData\Roaming\npm;D:\soft\qudongjingling\DriverGenius;D:\soft\qudongjingling\DriverGenius\ksoft;., surefire.test.class.path=F:\workspace-iot\iotplantserver\target\test-classes;F:\workspace-iot\iotplantserver\target\classes;D:\repo\xerces\xercesImpl\2.8.1\xercesImpl-2.8.1.jar;D:\repo\xml-apis\xml-apis\1.4.01\xml-apis-1.4.01.jar;D:\repo\org\springframework\boot\spring-boot-starter-tomcat\2.0.1.RELEASE\spring-boot-starter-tomcat-2.0.1.RELEASE.jar;D:\repo\javax\annotation\javax.annotation-api\1.3.2\javax.annotation-api-1.3.2.jar;D:\repo\org\apache\tomcat\embed\tomcat-embed-core\8.5.29\tomcat-embed-core-8.5.29.jar;D:\repo\org\apache\tomcat\embed\tomcat-embed-el\8.5.29\tomcat-embed-el-8.5.29.jar;D:\repo\org\apache\tomcat\embed\tomcat-embed-websocket\8.5.29\tomcat-embed-websocket-8.5.29.jar;D:\repo\org\springframework\boot\spring-boot-starter-aop\2.0.1.RELEASE\spring-boot-starter-aop-2.0.1.RELEASE.jar;D:\repo\org\springframework\spring-aop\5.0.5.RELEASE\spring-aop-5.0.5.RELEASE.jar;D:\repo\org\springframework\spring-beans\5.0.5.RELEASE\spring-beans-5.0.5.RELEASE.jar;D:\repo\org\aspectj\aspectjweaver\1.8.13\aspectjweaver-1.8.13.jar;D:\repo\org\springframework\boot\spring-boot-starter-cache\2.0.1.RELEASE\spring-boot-starter-cache-2.0.1.RELEASE.jar;D:\repo\org\springframework\spring-context\5.0.5.RELEASE\spring-context-5.0.5.RELEASE.jar;D:\repo\org\springframework\spring-expression\5.0.5.RELEASE\spring-expression-5.0.5.RELEASE.jar;D:\repo\org\springframework\spring-context-support\5.0.5.RELEASE\spring-context-support-5.0.5.RELEASE.jar;D:\repo\net\sf\ehcache\ehcache\2.10.4\ehcache-2.10.4.jar;D:\repo\org\slf4j\slf4j-api\1.7.25\slf4j-api-1.7.25.jar;D:\repo\org\springframework\boot\spring-boot-starter-data-jpa\2.0.1.RELEASE\spring-boot-starter-data-jpa-2.0.1.RELEASE.jar;D:\repo\org\springframework\boot\spring-boot-starter-jdbc\2.0.1.RELEASE\spring-boot-starter-jdbc-2.0.1.RELEASE.jar;D:\repo\com\zaxxer\HikariCP\2.7.8\HikariCP-2.7.8.jar;D:\repo\org\springframework\spring-jdbc\5.0.5.RELEASE\spring-jdbc-5.0.5.RELEASE.jar;D:\repo\org\hibernate\hibernate-core\5.2.16.Final\hibernate-core-5.2.16.Final.jar;D:\repo\org\jboss\logging\jboss-logging\3.3.2.Final\jboss-logging-3.3.2.Final.jar;D:\repo\org\hibernate\javax\persistence\hibernate-jpa-2.1-api\1.0.0.Final\hibernate-jpa-2.1-api-1.0.0.Final.jar;D:\repo\org\javassist\javassist\3.22.0-GA\javassist-3.22.0-GA.jar;D:\repo\antlr\antlr\2.7.7\antlr-2.7.7.jar;D:\repo\org\jboss\jandex\2.0.3.Final\jandex-2.0.3.Final.jar;D:\repo\dom4j\dom4j\1.6.1\dom4j-1.6.1.jar;D:\repo\org\hibernate\common\hibernate-commons-annotations\5.0.1.Final\hibernate-commons-annotations-5.0.1.Final.jar;D:\repo\javax\transaction\javax.transaction-api\1.2\javax.transaction-api-1.2.jar;D:\repo\org\springframework\data\spring-data-jpa\2.0.6.RELEASE\spring-data-jpa-2.0.6.RELEASE.jar;D:\repo\org\springframework\data\spring-data-commons\2.0.6.RELEASE\spring-data-commons-2.0.6.RELEASE.jar;D:\repo\org\springframework\spring-orm\5.0.5.RELEASE\spring-orm-5.0.5.RELEASE.jar;D:\repo\org\springframework\spring-tx\5.0.5.RELEASE\spring-tx-5.0.5.RELEASE.jar;D:\repo\org\springframework\spring-aspects\5.0.5.RELEASE\spring-aspects-5.0.5.RELEASE.jar;D:\repo\org\springframework\boot\spring-boot-starter-data-rest\2.0.1.RELEASE\spring-boot-starter-data-rest-2.0.1.RELEASE.jar;D:\repo\org\springframework\boot\spring-boot-starter-json\2.0.1.RELEASE\spring-boot-starter-json-2.0.1.RELEASE.jar;D:\repo\com\fasterxml\jackson\datatype\jackson-datatype-jdk8\2.9.5\jackson-datatype-jdk8-2.9.5.jar;D:\repo\com\fasterxml\jackson\datatype\jackson-datatype-jsr310\2.9.5\jackson-datatype-jsr310-2.9.5.jar;D:\repo\com\fasterxml\jackson\module\jackson-module-parameter-names\2.9.5\jackson-module-parameter-names-2.9.5.jar;D:\repo\org\springframework\data\spring-data-rest-webmvc\3.0.6.RELEASE\spring-data-rest-webmvc-3.0.6.RELEASE.jar;D:\repo\org\springframework\data\spring-data-rest-core\3.0.6.RELEASE\spring-data-rest-core-3.0.6.RELEASE.jar;D:\repo\org\springframework\hateoas\spring-hateoas\0.24.0.RELEASE\spring-hateoas-0.24.0.RELEASE.jar;D:\repo\org\atteo\evo-inflector\1.2.2\evo-inflector-1.2.2.jar;D:\repo\org\mybatis\spring\boot\mybatis-spring-boot-starter\1.3.2\mybatis-spring-boot-starter-1.3.2.jar;D:\repo\org\mybatis\spring\boot\mybatis-spring-boot-autoconfigure\1.3.2\mybatis-spring-boot-autoconfigure-1.3.2.jar;D:\repo\org\mybatis\mybatis\3.4.6\mybatis-3.4.6.jar;D:\repo\org\mybatis\mybatis-spring\1.3.2\mybatis-spring-1.3.2.jar;D:\repo\org\apache\commons\commons-dbcp2\2.0\commons-dbcp2-2.0.jar;D:\repo\org\apache\commons\commons-pool2\2.5.0\commons-pool2-2.5.0.jar;D:\repo\mysql\mysql-connector-java\5.1.46\mysql-connector-java-5.1.46.jar;D:\repo\org\springframework\boot\spring-boot-starter-test\2.0.1.RELEASE\spring-boot-starter-test-2.0.1.RELEASE.jar;D:\repo\org\springframework\boot\spring-boot-test\2.0.1.RELEASE\spring-boot-test-2.0.1.RELEASE.jar;D:\repo\org\springframework\boot\spring-boot-test-autoconfigure\2.0.1.RELEASE\spring-boot-test-autoconfigure-2.0.1.RELEASE.jar;D:\repo\com\jayway\jsonpath\json-path\2.4.0\json-path-2.4.0.jar;D:\repo\net\minidev\json-smart\2.3\json-smart-2.3.jar;D:\repo\net\minidev\accessors-smart\1.2\accessors-smart-1.2.jar;D:\repo\org\ow2\asm\asm\5.0.4\asm-5.0.4.jar;D:\repo\junit\junit\4.12\junit-4.12.jar;D:\repo\org\assertj\assertj-core\3.9.1\assertj-core-3.9.1.jar;D:\repo\org\mockito\mockito-core\2.15.0\mockito-core-2.15.0.jar;D:\repo\net\bytebuddy\byte-buddy\1.7.11\byte-buddy-1.7.11.jar;D:\repo\net\bytebuddy\byte-buddy-agent\1.7.11\byte-buddy-agent-1.7.11.jar;D:\repo\org\objenesis\objenesis\2.6\objenesis-2.6.jar;D:\repo\org\hamcrest\hamcrest-core\1.3\hamcrest-core-1.3.jar;D:\repo\org\hamcrest\hamcrest-library\1.3\hamcrest-library-1.3.jar;D:\repo\org\skyscreamer\jsonassert\1.5.0\jsonassert-1.5.0.jar;D:\repo\com\vaadin\external\google\android-json\0.0.20131108.vaadin1\android-json-0.0.20131108.vaadin1.jar;D:\repo\org\springframework\spring-core\5.0.5.RELEASE\spring-core-5.0.5.RELEASE.jar;D:\repo\org\springframework\spring-jcl\5.0.5.RELEASE\spring-jcl-5.0.5.RELEASE.jar;D:\repo\org\springframework\spring-test\5.0.5.RELEASE\spring-test-5.0.5.RELEASE.jar;D:\repo\org\xmlunit\xmlunit-core\2.5.1\xmlunit-core-2.5.1.jar;D:\repo\io\jsonwebtoken\jjwt\0.9.0\jjwt-0.9.0.jar;D:\repo\org\apache\httpcomponents\httpclient\4.5.5\httpclient-4.5.5.jar;D:\repo\org\apache\httpcomponents\httpcore\4.4.9\httpcore-4.4.9.jar;D:\repo\commons-codec\commons-codec\1.11\commons-codec-1.11.jar;D:\repo\com\google\code\gson\gson\2.8.2\gson-2.8.2.jar;D:\repo\org\apache\poi\poi-scratchpad\3.17\poi-scratchpad-3.17.jar;D:\repo\org\apache\poi\poi\3.17\poi-3.17.jar;D:\repo\org\apache\commons\commons-collections4\4.1\commons-collections4-4.1.jar;D:\repo\org\apache\poi\poi-ooxml\3.17\poi-ooxml-3.17.jar;D:\repo\org\apache\poi\poi-ooxml-schemas\3.17\poi-ooxml-schemas-3.17.jar;D:\repo\org\apache\xmlbeans\xmlbeans\2.6.0\xmlbeans-2.6.0.jar;D:\repo\stax\stax-api\1.0.1\stax-api-1.0.1.jar;D:\repo\com\github\virtuald\curvesapi\1.04\curvesapi-1.04.jar;D:\repo\io\springfox\springfox-swagger-ui\2.8.0\springfox-swagger-ui-2.8.0.jar;D:\repo\io\springfox\springfox-spring-web\2.8.0\springfox-spring-web-2.8.0.jar;D:\repo\org\reflections\reflections\0.9.11\reflections-0.9.11.jar;D:\repo\io\springfox\springfox-swagger2\2.8.0\springfox-swagger2-2.8.0.jar;D:\repo\io\swagger\swagger-annotations\1.5.14\swagger-annotations-1.5.14.jar;D:\repo\io\swagger\swagger-models\1.5.14\swagger-models-1.5.14.jar;D:\repo\io\springfox\springfox-spi\2.8.0\springfox-spi-2.8.0.jar;D:\repo\io\springfox\springfox-core\2.8.0\springfox-core-2.8.0.jar;D:\repo\io\springfox\springfox-schema\2.8.0\springfox-schema-2.8.0.jar;D:\repo\io\springfox\springfox-swagger-common\2.8.0\springfox-swagger-common-2.8.0.jar;D:\repo\com\google\guava\guava\20.0\guava-20.0.jar;D:\repo\com\fasterxml\classmate\1.3.4\classmate-1.3.4.jar;D:\repo\org\springframework\plugin\spring-plugin-core\1.2.0.RELEASE\spring-plugin-core-1.2.0.RELEASE.jar;D:\repo\org\springframework\plugin\spring-plugin-metadata\1.2.0.RELEASE\spring-plugin-metadata-1.2.0.RELEASE.jar;D:\repo\org\mapstruct\mapstruct\1.2.0.Final\mapstruct-1.2.0.Final.jar;D:\repo\commons-lang\commons-lang\2.5\commons-lang-2.5.jar;D:\repo\com\fasterxml\jackson\core\jackson-databind\2.9.5\jackson-databind-2.9.5.jar;D:\repo\com\fasterxml\jackson\core\jackson-annotations\2.9.0\jackson-annotations-2.9.0.jar;D:\repo\com\fasterxml\jackson\dataformat\jackson-dataformat-xml\2.9.5\jackson-dataformat-xml-2.9.5.jar;D:\repo\com\fasterxml\jackson\module\jackson-module-jaxb-annotations\2.9.5\jackson-module-jaxb-annotations-2.9.5.jar;D:\repo\org\codehaus\woodstox\stax2-api\3.1.4\stax2-api-3.1.4.jar;D:\repo\com\fasterxml\woodstox\woodstox-core\5.0.3\woodstox-core-5.0.3.jar;D:\repo\com\fasterxml\jackson\core\jackson-core\2.9.5\jackson-core-2.9.5.jar;D:\repo\com\squareup\okhttp3\okhttp\3.2.0\okhttp-3.2.0.jar;D:\repo\com\squareup\okio\okio\1.6.0\okio-1.6.0.jar;D:\repo\com\hankcs\hanlp\portable-1.6.5\hanlp-portable-1.6.5.jar;D:\repo\org\json\json\20160810\json-20160810.jar;D:\repo\com\baidu\aip\java-sdk\4.4.1\java-sdk-4.4.1.jar;D:\repo\log4j\log4j\1.2.17\log4j-1.2.17.jar;D:\repo\com\baidubce\bce-java-sdk\0.10.28\bce-java-sdk-0.10.28.jar;D:\repo\org\slf4j\jcl-over-slf4j\1.7.25\jcl-over-slf4j-1.7.25.jar;D:\repo\ch\qos\logback\logback-classic\1.2.3\logback-classic-1.2.3.jar;D:\repo\ch\qos\logback\logback-core\1.2.3\logback-core-1.2.3.jar;D:\repo\commons-io\commons-io\2.4\commons-io-2.4.jar;D:\repo\org\apache\httpcomponents\httpasyncclient\4.1.3\httpasyncclient-4.1.3.jar;D:\repo\org\apache\httpcomponents\httpcore-nio\4.4.9\httpcore-nio-4.4.9.jar;D:\repo\joda-time\joda-time\2.9.9\joda-time-2.9.9.jar;D:\repo\org\junit\jupiter\junit-jupiter-api\5.5.1\junit-jupiter-api-5.5.1.jar;D:\repo\org\apiguardian\apiguardian-api\1.1.0\apiguardian-api-1.1.0.jar;D:\repo\org\opentest4j\opentest4j\1.2.0\opentest4j-1.2.0.jar;D:\repo\org\junit\platform\junit-platform-commons\1.5.1\junit-platform-commons-1.5.1.jar;D:\repo\fr\opensagres\xdocreport\org.apache.poi.xwpf.converter.xhtml\1.0.6\org.apache.poi.xwpf.converter.xhtml-1.0.6.jar;D:\repo\fr\opensagres\xdocreport\org.apache.poi.xwpf.converter.core\1.0.6\org.apache.poi.xwpf.converter.core-1.0.6.jar;D:\repo\org\apache\poi\ooxml-schemas\1.1\ooxml-schemas-1.1.jar;D:\repo\org\springframework\boot\spring-boot-starter-web\2.0.1.RELEASE\spring-boot-starter-web-2.0.1.RELEASE.jar;D:\repo\org\hibernate\validator\hibernate-validator\6.0.9.Final\hibernate-validator-6.0.9.Final.jar;D:\repo\javax\validation\validation-api\2.0.1.Final\validation-api-2.0.1.Final.jar;D:\repo\org\springframework\spring-web\5.0.5.RELEASE\spring-web-5.0.5.RELEASE.jar;D:\repo\org\springframework\spring-webmvc\5.0.5.RELEASE\spring-webmvc-5.0.5.RELEASE.jar;D:\repo\org\springframework\boot\spring-boot-starter\2.0.1.RELEASE\spring-boot-starter-2.0.1.RELEASE.jar;D:\repo\org\springframework\boot\spring-boot\2.0.1.RELEASE\spring-boot-2.0.1.RELEASE.jar;D:\repo\org\springframework\boot\spring-boot-autoconfigure\2.0.1.RELEASE\spring-boot-autoconfigure-2.0.1.RELEASE.jar;D:\repo\org\springframework\boot\spring-boot-starter-logging\2.0.1.RELEASE\spring-boot-starter-logging-2.0.1.RELEASE.jar;D:\repo\org\apache\logging\log4j\log4j-to-slf4j\2.10.0\log4j-to-slf4j-2.10.0.jar;D:\repo\org\apache\logging\log4j\log4j-api\2.10.0\log4j-api-2.10.0.jar;D:\repo\org\slf4j\jul-to-slf4j\1.7.25\jul-to-slf4j-1.7.25.jar;D:\repo\org\yaml\snakeyaml\1.19\snakeyaml-1.19.jar;D:\repo\org\projectlombok\lombok\1.16.20\lombok-1.16.20.jar;D:\repo\org\languagetool\language-en\4.2\language-en-4.2.jar;D:\repo\org\languagetool\languagetool-core\4.2\languagetool-core-4.2.jar;D:\repo\org\apache\commons\commons-lang3\3.7\commons-lang3-3.7.jar;D:\repo\net\java\dev\jna\jna\4.5.1\jna-4.5.1.jar;D:\repo\org\carrot2\morfologik-fsa\2.1.5\morfologik-fsa-2.1.5.jar;D:\repo\org\carrot2\morfologik-fsa-builders\2.1.5\morfologik-fsa-builders-2.1.5.jar;D:\repo\org\carrot2\morfologik-speller\2.1.5\morfologik-speller-2.1.5.jar;D:\repo\org\carrot2\morfologik-stemming\2.1.5\morfologik-stemming-2.1.5.jar;D:\repo\com\carrotsearch\hppc\0.7.2\hppc-0.7.2.jar;D:\repo\net\loomchild\segment\2.0.0\segment-2.0.0.jar;D:\repo\commons-logging\commons-logging\1.1.1\commons-logging-1.1.1.jar;D:\repo\com\optimaize\languagedetector\language-detector\0.6\language-detector-0.6.jar;D:\repo\net\arnx\jsonic\1.2.11\jsonic-1.2.11.jar;D:\repo\com\intellij\annotations\12.0\annotations-12.0.jar;D:\repo\edu\berkeley\nlp\berkeleylm\1.1.2\berkeleylm-1.1.2.jar;D:\repo\javax\xml\bind\jaxb-api\2.3.0\jaxb-api-2.3.0.jar;D:\repo\org\apache\opennlp\opennlp-tools\1.7.2\opennlp-tools-1.7.2.jar;D:\repo\edu\washington\cs\knowitall\opennlp-tokenize-models\1.5\opennlp-tokenize-models-1.5.jar;D:\repo\edu\washington\cs\knowitall\opennlp-postag-models\1.5\opennlp-postag-models-1.5.jar;D:\repo\edu\washington\cs\knowitall\opennlp-chunk-models\1.5\opennlp-chunk-models-1.5.jar;, java.specification.name=Java Platform API Specification, java.class.version=52.0, sun.management.compiler=HotSpot 64-Bit Tiered Compilers, os.version=6.1, user.home=C:\Users\Administrator, user.timezone=Asia/Shanghai, java.awt.printerjob=sun.awt.windows.WPrinterJob, file.encoding=GBK, java.specification.version=1.8, java.class.path=F:\workspace-iot\iotplantserver\target\test-classes;F:\workspace-iot\iotplantserver\target\classes;D:\repo\xerces\xercesImpl\2.8.1\xercesImpl-2.8.1.jar;D:\repo\xml-apis\xml-apis\1.4.01\xml-apis-1.4.01.jar;D:\repo\org\springframework\boot\spring-boot-starter-tomcat\2.0.1.RELEASE\spring-boot-starter-tomcat-2.0.1.RELEASE.jar;D:\repo\javax\annotation\javax.annotation-api\1.3.2\javax.annotation-api-1.3.2.jar;D:\repo\org\apache\tomcat\embed\tomcat-embed-core\8.5.29\tomcat-embed-core-8.5.29.jar;D:\repo\org\apache\tomcat\embed\tomcat-embed-el\8.5.29\tomcat-embed-el-8.5.29.jar;D:\repo\org\apache\tomcat\embed\tomcat-embed-websocket\8.5.29\tomcat-embed-websocket-8.5.29.jar;D:\repo\org\springframework\boot\spring-boot-starter-aop\2.0.1.RELEASE\spring-boot-starter-aop-2.0.1.RELEASE.jar;D:\repo\org\springframework\spring-aop\5.0.5.RELEASE\spring-aop-5.0.5.RELEASE.jar;D:\repo\org\springframework\spring-beans\5.0.5.RELEASE\spring-beans-5.0.5.RELEASE.jar;D:\repo\org\aspectj\aspectjweaver\1.8.13\aspectjweaver-1.8.13.jar;D:\repo\org\springframework\boot\spring-boot-starter-cache\2.0.1.RELEASE\spring-boot-starter-cache-2.0.1.RELEASE.jar;D:\repo\org\springframework\spring-context\5.0.5.RELEASE\spring-context-5.0.5.RELEASE.jar;D:\repo\org\springframework\spring-expression\5.0.5.RELEASE\spring-expression-5.0.5.RELEASE.jar;D:\repo\org\springframework\spring-context-support\5.0.5.RELEASE\spring-context-support-5.0.5.RELEASE.jar;D:\repo\net\sf\ehcache\ehcache\2.10.4\ehcache-2.10.4.jar;D:\repo\org\slf4j\slf4j-api\1.7.25\slf4j-api-1.7.25.jar;D:\repo\org\springframework\boot\spring-boot-starter-data-jpa\2.0.1.RELEASE\spring-boot-starter-data-jpa-2.0.1.RELEASE.jar;D:\repo\org\springframework\boot\spring-boot-starter-jdbc\2.0.1.RELEASE\spring-boot-starter-jdbc-2.0.1.RELEASE.jar;D:\repo\com\zaxxer\HikariCP\2.7.8\HikariCP-2.7.8.jar;D:\repo\org\springframework\spring-jdbc\5.0.5.RELEASE\spring-jdbc-5.0.5.RELEASE.jar;D:\repo\org\hibernate\hibernate-core\5.2.16.Final\hibernate-core-5.2.16.Final.jar;D:\repo\org\jboss\logging\jboss-logging\3.3.2.Final\jboss-logging-3.3.2.Final.jar;D:\repo\org\hibernate\javax\persistence\hibernate-jpa-2.1-api\1.0.0.Final\hibernate-jpa-2.1-api-1.0.0.Final.jar;D:\repo\org\javassist\javassist\3.22.0-GA\javassist-3.22.0-GA.jar;D:\repo\antlr\antlr\2.7.7\antlr-2.7.7.jar;D:\repo\org\jboss\jandex\2.0.3.Final\jandex-2.0.3.Final.jar;D:\repo\dom4j\dom4j\1.6.1\dom4j-1.6.1.jar;D:\repo\org\hibernate\common\hibernate-commons-annotations\5.0.1.Final\hibernate-commons-annotations-5.0.1.Final.jar;D:\repo\javax\transaction\javax.transaction-api\1.2\javax.transaction-api-1.2.jar;D:\repo\org\springframework\data\spring-data-jpa\2.0.6.RELEASE\spring-data-jpa-2.0.6.RELEASE.jar;D:\repo\org\springframework\data\spring-data-commons\2.0.6.RELEASE\spring-data-commons-2.0.6.RELEASE.jar;D:\repo\org\springframework\spring-orm\5.0.5.RELEASE\spring-orm-5.0.5.RELEASE.jar;D:\repo\org\springframework\spring-tx\5.0.5.RELEASE\spring-tx-5.0.5.RELEASE.jar;D:\repo\org\springframework\spring-aspects\5.0.5.RELEASE\spring-aspects-5.0.5.RELEASE.jar;D:\repo\org\springframework\boot\spring-boot-starter-data-rest\2.0.1.RELEASE\spring-boot-starter-data-rest-2.0.1.RELEASE.jar;D:\repo\org\springframework\boot\spring-boot-starter-json\2.0.1.RELEASE\spring-boot-starter-json-2.0.1.RELEASE.jar;D:\repo\com\fasterxml\jackson\datatype\jackson-datatype-jdk8\2.9.5\jackson-datatype-jdk8-2.9.5.jar;D:\repo\com\fasterxml\jackson\datatype\jackson-datatype-jsr310\2.9.5\jackson-datatype-jsr310-2.9.5.jar;D:\repo\com\fasterxml\jackson\module\jackson-module-parameter-names\2.9.5\jackson-module-parameter-names-2.9.5.jar;D:\repo\org\springframework\data\spring-data-rest-webmvc\3.0.6.RELEASE\spring-data-rest-webmvc-3.0.6.RELEASE.jar;D:\repo\org\springframework\data\spring-data-rest-core\3.0.6.RELEASE\spring-data-rest-core-3.0.6.RELEASE.jar;D:\repo\org\springframework\hateoas\spring-hateoas\0.24.0.RELEASE\spring-hateoas-0.24.0.RELEASE.jar;D:\repo\org\atteo\evo-inflector\1.2.2\evo-inflector-1.2.2.jar;D:\repo\org\mybatis\spring\boot\mybatis-spring-boot-starter\1.3.2\mybatis-spring-boot-starter-1.3.2.jar;D:\repo\org\mybatis\spring\boot\mybatis-spring-boot-autoconfigure\1.3.2\mybatis-spring-boot-autoconfigure-1.3.2.jar;D:\repo\org\mybatis\mybatis\3.4.6\mybatis-3.4.6.jar;D:\repo\org\mybatis\mybatis-spring\1.3.2\mybatis-spring-1.3.2.jar;D:\repo\org\apache\commons\commons-dbcp2\2.0\commons-dbcp2-2.0.jar;D:\repo\org\apache\commons\commons-pool2\2.5.0\commons-pool2-2.5.0.jar;D:\repo\mysql\mysql-connector-java\5.1.46\mysql-connector-java-5.1.46.jar;D:\repo\org\springframework\boot\spring-boot-starter-test\2.0.1.RELEASE\spring-boot-starter-test-2.0.1.RELEASE.jar;D:\repo\org\springframework\boot\spring-boot-test\2.0.1.RELEASE\spring-boot-test-2.0.1.RELEASE.jar;D:\repo\org\springframework\boot\spring-boot-test-autoconfigure\2.0.1.RELEASE\spring-boot-test-autoconfigure-2.0.1.RELEASE.jar;D:\repo\com\jayway\jsonpath\json-path\2.4.0\json-path-2.4.0.jar;D:\repo\net\minidev\json-smart\2.3\json-smart-2.3.jar;D:\repo\net\minidev\accessors-smart\1.2\accessors-smart-1.2.jar;D:\repo\org\ow2\asm\asm\5.0.4\asm-5.0.4.jar;D:\repo\junit\junit\4.12\junit-4.12.jar;D:\repo\org\assertj\assertj-core\3.9.1\assertj-core-3.9.1.jar;D:\repo\org\mockito\mockito-core\2.15.0\mockito-core-2.15.0.jar;D:\repo\net\bytebuddy\byte-buddy\1.7.11\byte-buddy-1.7.11.jar;D:\repo\net\bytebuddy\byte-buddy-agent\1.7.11\byte-buddy-agent-1.7.11.jar;D:\repo\org\objenesis\objenesis\2.6\objenesis-2.6.jar;D:\repo\org\hamcrest\hamcrest-core\1.3\hamcrest-core-1.3.jar;D:\repo\org\hamcrest\hamcrest-library\1.3\hamcrest-library-1.3.jar;D:\repo\org\skyscreamer\jsonassert\1.5.0\jsonassert-1.5.0.jar;D:\repo\com\vaadin\external\google\android-json\0.0.20131108.vaadin1\android-json-0.0.20131108.vaadin1.jar;D:\repo\org\springframework\spring-core\5.0.5.RELEASE\spring-core-5.0.5.RELEASE.jar;D:\repo\org\springframework\spring-jcl\5.0.5.RELEASE\spring-jcl-5.0.5.RELEASE.jar;D:\repo\org\springframework\spring-test\5.0.5.RELEASE\spring-test-5.0.5.RELEASE.jar;D:\repo\org\xmlunit\xmlunit-core\2.5.1\xmlunit-core-2.5.1.jar;D:\repo\io\jsonwebtoken\jjwt\0.9.0\jjwt-0.9.0.jar;D:\repo\org\apache\httpcomponents\httpclient\4.5.5\httpclient-4.5.5.jar;D:\repo\org\apache\httpcomponents\httpcore\4.4.9\httpcore-4.4.9.jar;D:\repo\commons-codec\commons-codec\1.11\commons-codec-1.11.jar;D:\repo\com\google\code\gson\gson\2.8.2\gson-2.8.2.jar;D:\repo\org\apache\poi\poi-scratchpad\3.17\poi-scratchpad-3.17.jar;D:\repo\org\apache\poi\poi\3.17\poi-3.17.jar;D:\repo\org\apache\commons\commons-collections4\4.1\commons-collections4-4.1.jar;D:\repo\org\apache\poi\poi-ooxml\3.17\poi-ooxml-3.17.jar;D:\repo\org\apache\poi\poi-ooxml-schemas\3.17\poi-ooxml-schemas-3.17.jar;D:\repo\org\apache\xmlbeans\xmlbeans\2.6.0\xmlbeans-2.6.0.jar;D:\repo\stax\stax-api\1.0.1\stax-api-1.0.1.jar;D:\repo\com\github\virtuald\curvesapi\1.04\curvesapi-1.04.jar;D:\repo\io\springfox\springfox-swagger-ui\2.8.0\springfox-swagger-ui-2.8.0.jar;D:\repo\io\springfox\springfox-spring-web\2.8.0\springfox-spring-web-2.8.0.jar;D:\repo\org\reflections\reflections\0.9.11\reflections-0.9.11.jar;D:\repo\io\springfox\springfox-swagger2\2.8.0\springfox-swagger2-2.8.0.jar;D:\repo\io\swagger\swagger-annotations\1.5.14\swagger-annotations-1.5.14.jar;D:\repo\io\swagger\swagger-models\1.5.14\swagger-models-1.5.14.jar;D:\repo\io\springfox\springfox-spi\2.8.0\springfox-spi-2.8.0.jar;D:\repo\io\springfox\springfox-core\2.8.0\springfox-core-2.8.0.jar;D:\repo\io\springfox\springfox-schema\2.8.0\springfox-schema-2.8.0.jar;D:\repo\io\springfox\springfox-swagger-common\2.8.0\springfox-swagger-common-2.8.0.jar;D:\repo\com\google\guava\guava\20.0\guava-20.0.jar;D:\repo\com\fasterxml\classmate\1.3.4\classmate-1.3.4.jar;D:\repo\org\springframework\plugin\spring-plugin-core\1.2.0.RELEASE\spring-plugin-core-1.2.0.RELEASE.jar;D:\repo\org\springframework\plugin\spring-plugin-metadata\1.2.0.RELEASE\spring-plugin-metadata-1.2.0.RELEASE.jar;D:\repo\org\mapstruct\mapstruct\1.2.0.Final\mapstruct-1.2.0.Final.jar;D:\repo\commons-lang\commons-lang\2.5\commons-lang-2.5.jar;D:\repo\com\fasterxml\jackson\core\jackson-databind\2.9.5\jackson-databind-2.9.5.jar;D:\repo\com\fasterxml\jackson\core\jackson-annotations\2.9.0\jackson-annotations-2.9.0.jar;D:\repo\com\fasterxml\jackson\dataformat\jackson-dataformat-xml\2.9.5\jackson-dataformat-xml-2.9.5.jar;D:\repo\com\fasterxml\jackson\module\jackson-module-jaxb-annotations\2.9.5\jackson-module-jaxb-annotations-2.9.5.jar;D:\repo\org\codehaus\woodstox\stax2-api\3.1.4\stax2-api-3.1.4.jar;D:\repo\com\fasterxml\woodstox\woodstox-core\5.0.3\woodstox-core-5.0.3.jar;D:\repo\com\fasterxml\jackson\core\jackson-core\2.9.5\jackson-core-2.9.5.jar;D:\repo\com\squareup\okhttp3\okhttp\3.2.0\okhttp-3.2.0.jar;D:\repo\com\squareup\okio\okio\1.6.0\okio-1.6.0.jar;D:\repo\com\hankcs\hanlp\portable-1.6.5\hanlp-portable-1.6.5.jar;D:\repo\org\json\json\20160810\json-20160810.jar;D:\repo\com\baidu\aip\java-sdk\4.4.1\java-sdk-4.4.1.jar;D:\repo\log4j\log4j\1.2.17\log4j-1.2.17.jar;D:\repo\com\baidubce\bce-java-sdk\0.10.28\bce-java-sdk-0.10.28.jar;D:\repo\org\slf4j\jcl-over-slf4j\1.7.25\jcl-over-slf4j-1.7.25.jar;D:\repo\ch\qos\logback\logback-classic\1.2.3\logback-classic-1.2.3.jar;D:\repo\ch\qos\logback\logback-core\1.2.3\logback-core-1.2.3.jar;D:\repo\commons-io\commons-io\2.4\commons-io-2.4.jar;D:\repo\org\apache\httpcomponents\httpasyncclient\4.1.3\httpasyncclient-4.1.3.jar;D:\repo\org\apache\httpcomponents\httpcore-nio\4.4.9\httpcore-nio-4.4.9.jar;D:\repo\joda-time\joda-time\2.9.9\joda-time-2.9.9.jar;D:\repo\org\junit\jupiter\junit-jupiter-api\5.5.1\junit-jupiter-api-5.5.1.jar;D:\repo\org\apiguardian\apiguardian-api\1.1.0\apiguardian-api-1.1.0.jar;D:\repo\org\opentest4j\opentest4j\1.2.0\opentest4j-1.2.0.jar;D:\repo\org\junit\platform\junit-platform-commons\1.5.1\junit-platform-commons-1.5.1.jar;D:\repo\fr\opensagres\xdocreport\org.apache.poi.xwpf.converter.xhtml\1.0.6\org.apache.poi.xwpf.converter.xhtml-1.0.6.jar;D:\repo\fr\opensagres\xdocreport\org.apache.poi.xwpf.converter.core\1.0.6\org.apache.poi.xwpf.converter.core-1.0.6.jar;D:\repo\org\apache\poi\ooxml-schemas\1.1\ooxml-schemas-1.1.jar;D:\repo\org\springframework\boot\spring-boot-starter-web\2.0.1.RELEASE\spring-boot-starter-web-2.0.1.RELEASE.jar;D:\repo\org\hibernate\validator\hibernate-validator\6.0.9.Final\hibernate-validator-6.0.9.Final.jar;D:\repo\javax\validation\validation-api\2.0.1.Final\validation-api-2.0.1.Final.jar;D:\repo\org\springframework\spring-web\5.0.5.RELEASE\spring-web-5.0.5.RELEASE.jar;D:\repo\org\springframework\spring-webmvc\5.0.5.RELEASE\spring-webmvc-5.0.5.RELEASE.jar;D:\repo\org\springframework\boot\spring-boot-starter\2.0.1.RELEASE\spring-boot-starter-2.0.1.RELEASE.jar;D:\repo\org\springframework\boot\spring-boot\2.0.1.RELEASE\spring-boot-2.0.1.RELEASE.jar;D:\repo\org\springframework\boot\spring-boot-autoconfigure\2.0.1.RELEASE\spring-boot-autoconfigure-2.0.1.RELEASE.jar;D:\repo\org\springframework\boot\spring-boot-starter-logging\2.0.1.RELEASE\spring-boot-starter-logging-2.0.1.RELEASE.jar;D:\repo\org\apache\logging\log4j\log4j-to-slf4j\2.10.0\log4j-to-slf4j-2.10.0.jar;D:\repo\org\apache\logging\log4j\log4j-api\2.10.0\log4j-api-2.10.0.jar;D:\repo\org\slf4j\jul-to-slf4j\1.7.25\jul-to-slf4j-1.7.25.jar;D:\repo\org\yaml\snakeyaml\1.19\snakeyaml-1.19.jar;D:\repo\org\projectlombok\lombok\1.16.20\lombok-1.16.20.jar;D:\repo\org\languagetool\language-en\4.2\language-en-4.2.jar;D:\repo\org\languagetool\languagetool-core\4.2\languagetool-core-4.2.jar;D:\repo\org\apache\commons\commons-lang3\3.7\commons-lang3-3.7.jar;D:\repo\net\java\dev\jna\jna\4.5.1\jna-4.5.1.jar;D:\repo\org\carrot2\morfologik-fsa\2.1.5\morfologik-fsa-2.1.5.jar;D:\repo\org\carrot2\morfologik-fsa-builders\2.1.5\morfologik-fsa-builders-2.1.5.jar;D:\repo\org\carrot2\morfologik-speller\2.1.5\morfologik-speller-2.1.5.jar;D:\repo\org\carrot2\morfologik-stemming\2.1.5\morfologik-stemming-2.1.5.jar;D:\repo\com\carrotsearch\hppc\0.7.2\hppc-0.7.2.jar;D:\repo\net\loomchild\segment\2.0.0\segment-2.0.0.jar;D:\repo\commons-logging\commons-logging\1.1.1\commons-logging-1.1.1.jar;D:\repo\com\optimaize\languagedetector\language-detector\0.6\language-detector-0.6.jar;D:\repo\net\arnx\jsonic\1.2.11\jsonic-1.2.11.jar;D:\repo\com\intellij\annotations\12.0\annotations-12.0.jar;D:\repo\edu\berkeley\nlp\berkeleylm\1.1.2\berkeleylm-1.1.2.jar;D:\repo\javax\xml\bind\jaxb-api\2.3.0\jaxb-api-2.3.0.jar;D:\repo\org\apache\opennlp\opennlp-tools\1.7.2\opennlp-tools-1.7.2.jar;D:\repo\edu\washington\cs\knowitall\opennlp-tokenize-models\1.5\opennlp-tokenize-models-1.5.jar;D:\repo\edu\washington\cs\knowitall\opennlp-postag-models\1.5\opennlp-postag-models-1.5.jar;D:\repo\edu\washington\cs\knowitall\opennlp-chunk-models\1.5\opennlp-chunk-models-1.5.jar;, user.name=Administrator, java.vm.specification.version=1.8, sun.java.command=C:\Users\ADMINI~1\AppData\Local\Temp\surefire2615249711651950928\surefirebooter1763430613463648688.jar C:\Users\Administrator\AppData\Local\Temp\surefire2615249711651950928 2019-08-23T15-03-48_443-jvmRun1 surefire7446458337912157153tmp surefire_01418434175919563733tmp, java.home=C:\Program Files\Java\jdk1.8.0_144\jre, sun.arch.data.model=64, user.language=zh, java.specification.vendor=Oracle Corporation, awt.toolkit=sun.awt.windows.WToolkit, java.vm.info=mixed mode, java.version=1.8.0_144, java.ext.dirs=C:\Program Files\Java\jdk1.8.0_144\jre\lib\ext;C:\Windows\Sun\Java\lib\ext, sun.boot.class.path=C:\Program Files\Java\jdk1.8.0_144\jre\lib\resources.jar;C:\Program Files\Java\jdk1.8.0_144\jre\lib\rt.jar;C:\Program Files\Java\jdk1.8.0_144\jre\lib\sunrsasign.jar;C:\Program Files\Java\jdk1.8.0_144\jre\lib\jsse.jar;C:\Program Files\Java\jdk1.8.0_144\jre\lib\jce.jar;C:\Program Files\Java\jdk1.8.0_144\jre\lib\charsets.jar;C:\Program Files\Java\jdk1.8.0_144\jre\lib\jfr.jar;C:\Program Files\Java\jdk1.8.0_144\jre\classes, java.vendor=Oracle Corporation, localRepository=D:\repo, file.separator=\, java.vendor.url.bug=http://bugreport.sun.com/bugreport/, sun.io.unicode.encoding=UnicodeLittle, sun.cpu.endian=little, sun.desktop=windows, sun.cpu.isalist=amd64}}, SystemEnvironmentPropertySource@604125138 {name='systemEnvironment', properties={PATH=F:\iot-plant\ideaIU-2019.2.win\jbr\\bin;F:\iot-plant\ideaIU-2019.2.win\jbr\\bin\server;F:\iot-plant\ideaIU-2019.2.win\jbr\\bin;F:\iot-plant\ideaIU-2019.2.win\jbr\\bin\server;F:\iot-plant\ideaIU-2019.2.win\jbr\\bin;F:\iot-plant\ideaIU-2019.2.win\jbr\\bin\server;F:\db\dbhome\bin;C:\ProgramData\Oracle\Java\javapath;C:\Windows\system32;C:\Windows;C:\Windows\System32\Wbem;C:\Windows\System32\WindowsPowerShell\v1.0\;C:\Program Files\Java\jdk1.8.0_144\bin;C:\Program Files (x86)\Java\jre6\bin;C:\Program Files\nodejs\;C:\Program Files (x86)\ATI Technologies\ATI.ACE\Core-Static;C:\Program Files (x86)\AMD\ATI.ACE\Core-Static;D:\soft\apache-maven-3.5.0\bin;;C:\Users\Administrator\AppData\Local\Programs\Microsoft VS Code Insiders\bin;C:\Users\Administrator\AppData\Roaming\npm;D:\soft\qudongjingling\DriverGenius;D:\soft\qudongjingling\DriverGenius\ksoft, PROCESSOR_LEVEL=6, SYSTEMDRIVE=C:, FP_NO_HOST_CHECK=NO, SESSIONNAME=Console, ALLUSERSPROFILE=C:\ProgramData, PROCESSOR_ARCHITECTURE=AMD64, __INTELLIJ_COMMAND_HISTFILE__=F:\iot-plant\ideaIU-2019.2.win\bin\IdeaConfig\config\terminal\history\history-, JRE_HOME=C:\Program Files (x86)\Java\jre6, MAVEN_HOME=D:\soft\apache-maven-3.5.0\bin\.., PROGRAMFILES=C:\Program Files, PSMODULEPATH=C:\Windows\system32\WindowsPowerShell\v1.0\Modules\, PROGRAMDATA=C:\ProgramData, USERNAME=Administrator, WDIR=F:\, PATHEXT=.COM;.EXE;.BAT;.CMD;.VBS;.VBE;.JS;.JSE;.WSF;.WSH;.MSC, CLASSWORLDS_JAR="D:\soft\apache-maven-3.5.0\bin\..\boot\plexus-classworlds-2.5.2.jar", WINDIR=C:\Windows, =F:=F:\workspace-iot\iotplantserver, HOMEPATH=\Users\Administrator, PROCESSOR_IDENTIFIER=Intel64 Family 6 Model 60 Stepping 3, GenuineIntel, WINDOWS_TRACING_LOGFILE=C:\BVTBin\Tests\installpackage\csilogfile.log, PUBLIC=C:\Users\Public, =::=::\, =EXITCODE=00000000, LOCALAPPDATA=C:\Users\Administrator\AppData\Local, COMMONPROGRAMFILES(X86)=C:\Program Files (x86)\Common Files, USERDOMAIN=SKY-20190303ENC, LOGONSERVER=\\SKY-20190303ENC, JAVA_HOME=C:\Program Files\Java\jdk1.8.0_144, PROMPT=$P$G, PROGRAMFILES(X86)=C:\Program Files (x86), LANG=zh_CN.GBK, ERROR_CODE=0, EXEC_DIR=F:\workspace-iot\iotplantserver, WINDOWS_TRACING_FLAGS=3, APPDATA=C:\Users\Administrator\AppData\Roaming, PROGRAMW6432=C:\Program Files, SYSTEMROOT=C:\Windows, MAVEN_CMD_LINE_ARGS=install, OS=Windows_NT, COMMONPROGRAMW6432=C:\Program Files\Common Files, COMPUTERNAME=SKY-20190303ENC, COMMONPROGRAMFILES=C:\Program Files\Common Files, COMSPEC=C:\Windows\system32\cmd.exe, JAVACMD=C:\Program Files\Java\jdk1.8.0_144\bin\java.exe, MAVEN_PROJECTBASEDIR=F:\workspace-iot\iotplantserver, PROCESSOR_REVISION=3c03, NLS_LANG=AMERICAN_AMERICA.ZHS16GBK, CLASSWORLDS_LAUNCHER=org.codehaus.plexus.classworlds.launcher.Launcher, TERMINAL_EMULATOR=JetBrains-JediTerm, TEMP=C:\Users\ADMINI~1\AppData\Local\Temp, HOMEDRIVE=C:, USERPROFILE=C:\Users\Administrator, TMP=C:\Users\ADMINI~1\AppData\Local\Temp, NUMBER_OF_PROCESSORS=4, JVMCONFIG=\.mvn\jvm.config}}]
15:03:49.703 [main] DEBUG org.springframework.core.io.support.PathMatchingResourcePatternResolver - Resolved classpath location [com/teejo/proofreading/applicationserver/] to resources [URL [file:/F:/workspace-iot/iotplantserver/target/test-classes/com/teejo/proofreading/applicationserver/]]
15:03:49.703 [main] DEBUG org.springframework.core.io.support.PathMatchingResourcePatternResolver - Looking for matching resources in directory tree [F:\workspace-iot\iotplantserver\target\test-classes\com\teejo\proofreading\applicationserver]
15:03:49.703 [main] DEBUG org.springframework.core.io.support.PathMatchingResourcePatternResolver - Searching directory [F:\workspace-iot\iotplantserver\target\test-classes\com\teejo\proofreading\applicationserver] for files matching pattern [F:/workspace-iot/iotplantserver/target/test-classes/com/teejo/proofreading/applicationserver/*.class]
15:03:49.705 [main] DEBUG org.springframework.core.io.support.PathMatchingResourcePatternResolver - Resolved location pattern [classpath*:com/teejo/proofreading/applicationserver/*.class] to resources [file [F:\workspace-iot\iotplantserver\target\test-classes\com\teejo\proofreading\applicationserver\ApplicationServerApplicationTests.class]]
15:03:49.730 [main] DEBUG org.springframework.core.io.support.PathMatchingResourcePatternResolver - Resolved classpath location [com/teejo/proofreading/] to resources [URL [file:/F:/workspace-iot/iotplantserver/target/test-classes/com/teejo/proofreading/]]
15:03:49.731 [main] DEBUG org.springframework.core.io.support.PathMatchingResourcePatternResolver - Looking for matching resources in directory tree [F:\workspace-iot\iotplantserver\target\test-classes\com\teejo\proofreading]
15:03:49.731 [main] DEBUG org.springframework.core.io.support.PathMatchingResourcePatternResolver - Searching directory [F:\workspace-iot\iotplantserver\target\test-classes\com\teejo\proofreading] for files matching pattern [F:/workspace-iot/iotplantserver/target/test-classes/com/teejo/proofreading/*.class]
15:03:49.731 [main] DEBUG org.springframework.core.io.support.PathMatchingResourcePatternResolver - Resolved location pattern [classpath*:com/teejo/proofreading/*.class] to resources []
15:03:49.731 [main] DEBUG org.springframework.core.io.support.PathMatchingResourcePatternResolver - Resolved classpath location [com/teejo/] to resources [URL [file:/F:/workspace-iot/iotplantserver/target/test-classes/com/teejo/]]
15:03:49.732 [main] DEBUG org.springframework.core.io.support.PathMatchingResourcePatternResolver - Looking for matching resources in directory tree [F:\workspace-iot\iotplantserver\target\test-classes\com\teejo]
15:03:49.732 [main] DEBUG org.springframework.core.io.support.PathMatchingResourcePatternResolver - Searching directory [F:\workspace-iot\iotplantserver\target\test-classes\com\teejo] for files matching pattern [F:/workspace-iot/iotplantserver/target/test-classes/com/teejo/*.class]
15:03:49.732 [main] DEBUG org.springframework.core.io.support.PathMatchingResourcePatternResolver - Resolved location pattern [classpath*:com/teejo/*.class] to resources []
15:03:49.734 [main] DEBUG org.springframework.core.io.support.PathMatchingResourcePatternResolver - Resolved classpath location [com/] to resources [URL [file:/F:/workspace-iot/iotplantserver/target/test-classes/com/], URL [file:/F:/workspace-iot/iotplantserver/target/classes/com/], URL [jar:file:/D:/repo/net/sf/ehcache/ehcache/2.10.4/ehcache-2.10.4.jar!/com/], URL [jar:file:/D:/repo/com/zaxxer/HikariCP/2.7.8/HikariCP-2.7.8.jar!/com/], URL [jar:file:/D:/repo/com/fasterxml/jackson/datatype/jackson-datatype-jdk8/2.9.5/jackson-datatype-jdk8-2.9.5.jar!/com/], URL [jar:file:/D:/repo/com/fasterxml/jackson/datatype/jackson-datatype-jsr310/2.9.5/jackson-datatype-jsr310-2.9.5.jar!/com/], URL [jar:file:/D:/repo/com/fasterxml/jackson/module/jackson-module-parameter-names/2.9.5/jackson-module-parameter-names-2.9.5.jar!/com/], URL [jar:file:/D:/repo/mysql/mysql-connector-java/5.1.46/mysql-connector-java-5.1.46.jar!/com/], URL [jar:file:/D:/repo/com/jayway/jsonpath/json-path/2.4.0/json-path-2.4.0.jar!/com/], URL [jar:file:/D:/repo/com/google/code/gson/gson/2.8.2/gson-2.8.2.jar!/com/], URL [jar:file:/D:/repo/org/apache/poi/poi-ooxml-schemas/3.17/poi-ooxml-schemas-3.17.jar!/com/], URL [jar:file:/D:/repo/com/github/virtuald/curvesapi/1.04/curvesapi-1.04.jar!/com/], URL [jar:file:/D:/repo/com/google/guava/guava/20.0/guava-20.0.jar!/com/], URL [jar:file:/D:/repo/com/fasterxml/classmate/1.3.4/classmate-1.3.4.jar!/com/], URL [jar:file:/D:/repo/com/fasterxml/jackson/core/jackson-databind/2.9.5/jackson-databind-2.9.5.jar!/com/], URL [jar:file:/D:/repo/com/fasterxml/jackson/core/jackson-annotations/2.9.0/jackson-annotations-2.9.0.jar!/com/], URL [jar:file:/D:/repo/com/fasterxml/jackson/dataformat/jackson-dataformat-xml/2.9.5/jackson-dataformat-xml-2.9.5.jar!/com/], URL [jar:file:/D:/repo/com/fasterxml/jackson/module/jackson-module-jaxb-annotations/2.9.5/jackson-module-jaxb-annotations-2.9.5.jar!/com/], URL [jar:file:/D:/repo/com/fasterxml/woodstox/woodstox-core/5.0.3/woodstox-core-5.0.3.jar!/com/], URL [jar:file:/D:/repo/com/fasterxml/jackson/core/jackson-core/2.9.5/jackson-core-2.9.5.jar!/com/], URL [jar:file:/D:/repo/com/hankcs/hanlp/portable-1.6.5/hanlp-portable-1.6.5.jar!/com/], URL [jar:file:/D:/repo/com/baidu/aip/java-sdk/4.4.1/java-sdk-4.4.1.jar!/com/], URL [jar:file:/D:/repo/com/baidubce/bce-java-sdk/0.10.28/bce-java-sdk-0.10.28.jar!/com/], URL [jar:file:/D:/repo/org/projectlombok/lombok/1.16.20/lombok-1.16.20.jar!/com/], URL [jar:file:/D:/repo/net/java/dev/jna/jna/4.5.1/jna-4.5.1.jar!/com/], URL [jar:file:/D:/repo/com/carrotsearch/hppc/0.7.2/hppc-0.7.2.jar!/com/], URL [jar:file:/D:/repo/com/optimaize/languagedetector/language-detector/0.6/language-detector-0.6.jar!/com/]]
15:03:49.737 [main] DEBUG org.springframework.core.io.support.PathMatchingResourcePatternResolver - Looking for matching resources in directory tree [F:\workspace-iot\iotplantserver\target\test-classes\com]
15:03:49.738 [main] DEBUG org.springframework.core.io.support.PathMatchingResourcePatternResolver - Searching directory [F:\workspace-iot\iotplantserver\target\test-classes\com] for files matching pattern [F:/workspace-iot/iotplantserver/target/test-classes/com/*.class]
15:03:49.738 [main] DEBUG org.springframework.core.io.support.PathMatchingResourcePatternResolver - Looking for matching resources in directory tree [F:\workspace-iot\iotplantserver\target\classes\com]
15:03:49.738 [main] DEBUG org.springframework.core.io.support.PathMatchingResourcePatternResolver - Searching directory [F:\workspace-iot\iotplantserver\target\classes\com] for files matching pattern [F:/workspace-iot/iotplantserver/target/classes/com/*.class]
15:03:49.739 [main] DEBUG org.springframework.core.io.support.PathMatchingResourcePatternResolver - Looking for matching resources in jar file [file:/D:/repo/net/sf/ehcache/ehcache/2.10.4/ehcache-2.10.4.jar]
15:03:49.748 [main] DEBUG org.springframework.core.io.support.PathMatchingResourcePatternResolver - Looking for matching resources in jar file [file:/D:/repo/com/zaxxer/HikariCP/2.7.8/HikariCP-2.7.8.jar]
15:03:49.749 [main] DEBUG org.springframework.core.io.support.PathMatchingResourcePatternResolver - Looking for matching resources in jar file [file:/D:/repo/com/fasterxml/jackson/datatype/jackson-datatype-jdk8/2.9.5/jackson-datatype-jdk8-2.9.5.jar]
15:03:49.750 [main] DEBUG org.springframework.core.io.support.PathMatchingResourcePatternResolver - Looking for matching resources in jar file [file:/D:/repo/com/fasterxml/jackson/datatype/jackson-datatype-jsr310/2.9.5/jackson-datatype-jsr310-2.9.5.jar]
15:03:49.750 [main] DEBUG org.springframework.core.io.support.PathMatchingResourcePatternResolver - Looking for matching resources in jar file [file:/D:/repo/com/fasterxml/jackson/module/jackson-module-parameter-names/2.9.5/jackson-module-parameter-names-2.9.5.jar]
15:03:49.751 [main] DEBUG org.springframework.core.io.support.PathMatchingResourcePatternResolver - Looking for matching resources in jar file [file:/D:/repo/mysql/mysql-connector-java/5.1.46/mysql-connector-java-5.1.46.jar]
15:03:49.757 [main] DEBUG org.springframework.core.io.support.PathMatchingResourcePatternResolver - Looking for matching resources in jar file [file:/D:/repo/com/jayway/jsonpath/json-path/2.4.0/json-path-2.4.0.jar]
15:03:49.758 [main] DEBUG org.springframework.core.io.support.PathMatchingResourcePatternResolver - Looking for matching resources in jar file [file:/D:/repo/com/google/code/gson/gson/2.8.2/gson-2.8.2.jar]
15:03:49.759 [main] DEBUG org.springframework.core.io.support.PathMatchingResourcePatternResolver - Looking for matching resources in jar file [file:/D:/repo/org/apache/poi/poi-ooxml-schemas/3.17/poi-ooxml-schemas-3.17.jar]
15:03:49.766 [main] DEBUG org.springframework.core.io.support.PathMatchingResourcePatternResolver - Looking for matching resources in jar file [file:/D:/repo/com/github/virtuald/curvesapi/1.04/curvesapi-1.04.jar]
15:03:49.766 [main] DEBUG org.springframework.core.io.support.PathMatchingResourcePatternResolver - Looking for matching resources in jar file [file:/D:/repo/com/google/guava/guava/20.0/guava-20.0.jar]
15:03:49.771 [main] DEBUG org.springframework.core.io.support.PathMatchingResourcePatternResolver - Looking for matching resources in jar file [file:/D:/repo/com/fasterxml/classmate/1.3.4/classmate-1.3.4.jar]
15:03:49.772 [main] DEBUG org.springframework.core.io.support.PathMatchingResourcePatternResolver - Looking for matching resources in jar file [file:/D:/repo/com/fasterxml/jackson/core/jackson-databind/2.9.5/jackson-databind-2.9.5.jar]
15:03:49.774 [main] DEBUG org.springframework.core.io.support.PathMatchingResourcePatternResolver - Looking for matching resources in jar file [file:/D:/repo/com/fasterxml/jackson/core/jackson-annotations/2.9.0/jackson-annotations-2.9.0.jar]
15:03:49.775 [main] DEBUG org.springframework.core.io.support.PathMatchingResourcePatternResolver - Looking for matching resources in jar file [file:/D:/repo/com/fasterxml/jackson/dataformat/jackson-dataformat-xml/2.9.5/jackson-dataformat-xml-2.9.5.jar]
15:03:49.775 [main] DEBUG org.springframework.core.io.support.PathMatchingResourcePatternResolver - Looking for matching resources in jar file [file:/D:/repo/com/fasterxml/jackson/module/jackson-module-jaxb-annotations/2.9.5/jackson-module-jaxb-annotations-2.9.5.jar]
15:03:49.776 [main] DEBUG org.springframework.core.io.support.PathMatchingResourcePatternResolver - Looking for matching resources in jar file [file:/D:/repo/com/fasterxml/woodstox/woodstox-core/5.0.3/woodstox-core-5.0.3.jar]
15:03:49.776 [main] DEBUG org.springframework.core.io.support.PathMatchingResourcePatternResolver - Looking for matching resources in jar file [file:/D:/repo/com/fasterxml/jackson/core/jackson-core/2.9.5/jackson-core-2.9.5.jar]
15:03:49.777 [main] DEBUG org.springframework.core.io.support.PathMatchingResourcePatternResolver - Looking for matching resources in jar file [file:/D:/repo/com/hankcs/hanlp/portable-1.6.5/hanlp-portable-1.6.5.jar]
15:03:49.779 [main] DEBUG org.springframework.core.io.support.PathMatchingResourcePatternResolver - Looking for matching resources in jar file [file:/D:/repo/com/baidu/aip/java-sdk/4.4.1/java-sdk-4.4.1.jar]
15:03:49.779 [main] DEBUG org.springframework.core.io.support.PathMatchingResourcePatternResolver - Looking for matching resources in jar file [file:/D:/repo/com/baidubce/bce-java-sdk/0.10.28/bce-java-sdk-0.10.28.jar]
15:03:49.783 [main] DEBUG org.springframework.core.io.support.PathMatchingResourcePatternResolver - Looking for matching resources in jar file [file:/D:/repo/org/projectlombok/lombok/1.16.20/lombok-1.16.20.jar]
15:03:49.784 [main] DEBUG org.springframework.core.io.support.PathMatchingResourcePatternResolver - Looking for matching resources in jar file [file:/D:/repo/net/java/dev/jna/jna/4.5.1/jna-4.5.1.jar]
15:03:49.784 [main] DEBUG org.springframework.core.io.support.PathMatchingResourcePatternResolver - Looking for matching resources in jar file [file:/D:/repo/com/carrotsearch/hppc/0.7.2/hppc-0.7.2.jar]
15:03:49.792 [main] DEBUG org.springframework.core.io.support.PathMatchingResourcePatternResolver - Looking for matching resources in jar file [file:/D:/repo/com/optimaize/languagedetector/language-detector/0.6/language-detector-0.6.jar]
15:03:49.792 [main] DEBUG org.springframework.core.io.support.PathMatchingResourcePatternResolver - Resolved location pattern [classpath*:com/*.class] to resources []
]]></system-out>
  </testcase>
</testsuite>